******GRWAVE  (RELEASE 2 AT 23/10/1985 )********
*****COPYRIGHT  (C)   GEC   PLC   1985   *********
CCIR Personal Computer Version 1989 Study Group 5 IWP5/1

GRWAVE COMPUTES FIELD STRENGTH-DISTANCE VARIATIONS
FOR A HOMOGENEOUS CURVED EARTH WITH EXPONENTIALLY
DECREASING REFRACTIVE INDEX


                    ATMOSPHERIC CONSTANTS
                        REFRACTIVITY =315.00  (N-UNITS)
                        SCALE HEIGHT = 7.350  KM

                    GROUND CONSTANTS
                        RELATIVE PERMITTIVITY =    30.000
                        CONDUCTIVITY =1.0000D-02  SIEMENS/METRE

                    VERTICAL POLARISATION

                    MINIMUM DISTANCE =   661.018  KILOMETRES
                    MAXIMUM DISTANCE =   662.018  KILOMETRES
                    DSTEP            =     1.000  KILOMETRES


                    FREQUENCY =    3.000 MHZ

                    TRANSMITTER HEIGHT =      .0  METRES
                    RECIEVER HEIGHT    =      .0  METRES

                    DISTANCE      FIELD STRENGTH     BASIC TRANSMISSION LOSS
                       KM            DB(UV/M)               DB           (F) 
                                                                         (R)
                       661.02        -54.74               206.26
                       662.02        -54.87               206.40
Stop - Program terminated.
